[nltk_data] Downloading package punkt to /home/zyna/nltk_data...
[nltk_data]   Package punkt is already up-to-date!
.
----------------------------------------------------------------------
Ran 1 test in 0.002s

OK
[nltk_data] Downloading package punkt to /home/zyna/nltk_data...
[nltk_data]   Package punkt is already up-to-date!
.
----------------------------------------------------------------------
Ran 1 test in 0.000s

OK
[nltk_data] Downloading package punkt to /home/zyna/nltk_data...
[nltk_data]   Package punkt is already up-to-date!
.
----------------------------------------------------------------------
Ran 1 test in 0.000s

OK
[nltk_data] Downloading package punkt to /home/zyna/nltk_data...
[nltk_data]   Package punkt is already up-to-date!
.
----------------------------------------------------------------------
Ran 1 test in 0.000s

OK
[nltk_data] Downloading package punkt to /home/zyna/nltk_data...
[nltk_data]   Package punkt is already up-to-date!
.
----------------------------------------------------------------------
Ran 1 test in 0.488s

OK
[nltk_data] Downloading package punkt to /home/zyna/nltk_data...
[nltk_data]   Package punkt is already up-to-date!
.
----------------------------------------------------------------------
Ran 1 test in 3.127s

OK
