[nltk_data] Downloading package averaged_perceptron_tagger to
[nltk_data]     /Users/wangyindong/nltk_data...
[nltk_data]   Package averaged_perceptron_tagger is already up-to-
[nltk_data]       date!
[nltk_data] Downloading package wordnet to
[nltk_data]     /Users/wangyindong/nltk_data...
[nltk_data]   Package wordnet is already up-to-date!
.
----------------------------------------------------------------------
Ran 1 test in 2.626s

OK
[nltk_data] Downloading package averaged_perceptron_tagger to
[nltk_data]     /Users/wangyindong/nltk_data...
[nltk_data]   Package averaged_perceptron_tagger is already up-to-
[nltk_data]       date!
[nltk_data] Downloading package wordnet to
[nltk_data]     /Users/wangyindong/nltk_data...
[nltk_data]   Package wordnet is already up-to-date!
.
----------------------------------------------------------------------
Ran 1 test in 2.823s

OK
[nltk_data] Downloading package averaged_perceptron_tagger to
[nltk_data]     /Users/wangyindong/nltk_data...
[nltk_data]   Package averaged_perceptron_tagger is already up-to-
[nltk_data]       date!
[nltk_data] Downloading package wordnet to
[nltk_data]     /Users/wangyindong/nltk_data...
[nltk_data]   Package wordnet is already up-to-date!
.
----------------------------------------------------------------------
Ran 1 test in 2.319s

OK
[nltk_data] Downloading package averaged_perceptron_tagger to
[nltk_data]     /Users/wangyindong/nltk_data...
[nltk_data]   Package averaged_perceptron_tagger is already up-to-
[nltk_data]       date!
[nltk_data] Downloading package wordnet to
[nltk_data]     /Users/wangyindong/nltk_data...
[nltk_data]   Package wordnet is already up-to-date!
.
----------------------------------------------------------------------
Ran 1 test in 2.328s

OK
[nltk_data] Downloading package averaged_perceptron_tagger to
[nltk_data]     /Users/wangyindong/nltk_data...
[nltk_data]   Package averaged_perceptron_tagger is already up-to-
[nltk_data]       date!
[nltk_data] Downloading package wordnet to
[nltk_data]     /Users/wangyindong/nltk_data...
[nltk_data]   Package wordnet is already up-to-date!
.
----------------------------------------------------------------------
Ran 1 test in 3.498s

OK
